2024-11-11T13:31:33.760142+00:00 WARNING 'ansible_navigator.image_manager.puller._log_message' Image inspection failed, image assumed to be corrupted or missing
2024-11-11T13:31:33.760315+00:00 WARNING 'ansible_navigator.image_manager.puller._log_message' stdout: []

2024-11-11T13:31:33.760352+00:00 WARNING 'ansible_navigator.image_manager.puller._log_message' stderr: Error: ghcr.io/ansible/creator-ee:v0.18.0: image not known

2024-11-11T13:32:16.424603+00:00 ERROR 'ansible_navigator.actions.collections._parse' /usr/share/ansible/collections/ansible_collections/redhatinsights/insights/roles/compliance/meta/argument_specs.yml Failed to find argument_specs.yml for role in redhatinsights.insights.
2024-11-11T13:32:16.425064+00:00 ERROR 'ansible_navigator.actions.collections._parse' /usr/share/ansible/collections/ansible_collections/redhatinsights/insights/roles/insights_client/meta/argument_specs.yml Failed to find argument_specs.yml for role in redhatinsights.insights.
2024-11-11T13:32:16.425191+00:00 ERROR 'ansible_navigator.actions.collections._parse' /usr/share/ansible/collections/ansible_collections/theforeman/foreman/roles/activation_keys/meta/argument_specs.yml Failed to find argument_specs.yml for role in theforeman.foreman.
2024-11-11T13:32:16.425306+00:00 ERROR 'ansible_navigator.actions.collections._parse' /usr/share/ansible/collections/ansible_collections/theforeman/foreman/roles/activation_keys/meta/main.yml Failed to find main.yml for role in theforeman.foreman.
2024-11-11T13:32:16.425424+00:00 ERROR 'ansible_navigator.actions.collections._parse' /usr/share/ansible/collections/ansible_collections/theforeman/foreman/roles/auth_sources_ldap/meta/argument_specs.yml Failed to find argument_specs.yml for role in theforeman.foreman.
2024-11-11T13:32:16.425554+00:00 ERROR 'ansible_navigator.actions.collections._parse' /usr/share/ansible/collections/ansible_collections/theforeman/foreman/roles/auth_sources_ldap/meta/main.yml Failed to find main.yml for role in theforeman.foreman.
2024-11-11T13:32:16.425635+00:00 ERROR 'ansible_navigator.actions.collections._parse' /usr/share/ansible/collections/ansible_collections/theforeman/foreman/roles/compute_profiles/meta/argument_specs.yml Failed to find argument_specs.yml for role in theforeman.foreman.
2024-11-11T13:32:16.425731+00:00 ERROR 'ansible_navigator.actions.collections._parse' /usr/share/ansible/collections/ansible_collections/theforeman/foreman/roles/compute_profiles/meta/main.yml Failed to find main.yml for role in theforeman.foreman.
2024-11-11T13:32:16.425797+00:00 ERROR 'ansible_navigator.actions.collections._parse' /usr/share/ansible/collections/ansible_collections/theforeman/foreman/roles/compute_resources/meta/argument_specs.yml Failed to find argument_specs.yml for role in theforeman.foreman.
2024-11-11T13:32:16.425865+00:00 ERROR 'ansible_navigator.actions.collections._parse' /usr/share/ansible/collections/ansible_collections/theforeman/foreman/roles/compute_resources/meta/main.yml Failed to find main.yml for role in theforeman.foreman.
2024-11-11T13:32:16.425945+00:00 ERROR 'ansible_navigator.actions.collections._parse' /usr/share/ansible/collections/ansible_collections/theforeman/foreman/roles/content_credentials/meta/argument_specs.yml Failed to find argument_specs.yml for role in theforeman.foreman.
2024-11-11T13:32:16.426011+00:00 ERROR 'ansible_navigator.actions.collections._parse' /usr/share/ansible/collections/ansible_collections/theforeman/foreman/roles/content_credentials/meta/main.yml Failed to find main.yml for role in theforeman.foreman.
2024-11-11T13:32:16.426078+00:00 ERROR 'ansible_navigator.actions.collections._parse' /usr/share/ansible/collections/ansible_collections/theforeman/foreman/roles/content_rhel/meta/argument_specs.yml Failed to find argument_specs.yml for role in theforeman.foreman.
2024-11-11T13:32:16.426144+00:00 ERROR 'ansible_navigator.actions.collections._parse' /usr/share/ansible/collections/ansible_collections/theforeman/foreman/roles/content_rhel/meta/main.yml Failed to find main.yml for role in theforeman.foreman.
2024-11-11T13:32:16.426208+00:00 ERROR 'ansible_navigator.actions.collections._parse' /usr/share/ansible/collections/ansible_collections/theforeman/foreman/roles/content_view_publish/meta/argument_specs.yml Failed to find argument_specs.yml for role in theforeman.foreman.
2024-11-11T13:32:16.426300+00:00 ERROR 'ansible_navigator.actions.collections._parse' /usr/share/ansible/collections/ansible_collections/theforeman/foreman/roles/content_view_publish/meta/main.yml Failed to find main.yml for role in theforeman.foreman.
2024-11-11T13:32:16.426373+00:00 ERROR 'ansible_navigator.actions.collections._parse' /usr/share/ansible/collections/ansible_collections/theforeman/foreman/roles/content_view_version_cleanup/meta/argument_specs.yml Failed to find argument_specs.yml for role in theforeman.foreman.
2024-11-11T13:32:16.426441+00:00 ERROR 'ansible_navigator.actions.collections._parse' /usr/share/ansible/collections/ansible_collections/theforeman/foreman/roles/content_view_version_cleanup/meta/main.yml Failed to find main.yml for role in theforeman.foreman.
2024-11-11T13:32:16.426511+00:00 ERROR 'ansible_navigator.actions.collections._parse' /usr/share/ansible/collections/ansible_collections/theforeman/foreman/roles/content_views/meta/argument_specs.yml Failed to find argument_specs.yml for role in theforeman.foreman.
2024-11-11T13:32:16.426573+00:00 ERROR 'ansible_navigator.actions.collections._parse' /usr/share/ansible/collections/ansible_collections/theforeman/foreman/roles/content_views/meta/main.yml Failed to find main.yml for role in theforeman.foreman.
2024-11-11T13:32:16.426636+00:00 ERROR 'ansible_navigator.actions.collections._parse' /usr/share/ansible/collections/ansible_collections/theforeman/foreman/roles/convert2rhel/meta/argument_specs.yml Failed to find argument_specs.yml for role in theforeman.foreman.
2024-11-11T13:32:16.426698+00:00 ERROR 'ansible_navigator.actions.collections._parse' /usr/share/ansible/collections/ansible_collections/theforeman/foreman/roles/convert2rhel/meta/main.yml Failed to find main.yml for role in theforeman.foreman.
2024-11-11T13:32:16.426759+00:00 ERROR 'ansible_navigator.actions.collections._parse' /usr/share/ansible/collections/ansible_collections/theforeman/foreman/roles/domains/meta/argument_specs.yml Failed to find argument_specs.yml for role in theforeman.foreman.
2024-11-11T13:32:16.426820+00:00 ERROR 'ansible_navigator.actions.collections._parse' /usr/share/ansible/collections/ansible_collections/theforeman/foreman/roles/domains/meta/main.yml Failed to find main.yml for role in theforeman.foreman.
2024-11-11T13:32:16.426891+00:00 ERROR 'ansible_navigator.actions.collections._parse' /usr/share/ansible/collections/ansible_collections/theforeman/foreman/roles/hostgroups/meta/argument_specs.yml Failed to find argument_specs.yml for role in theforeman.foreman.
2024-11-11T13:32:16.426958+00:00 ERROR 'ansible_navigator.actions.collections._parse' /usr/share/ansible/collections/ansible_collections/theforeman/foreman/roles/hostgroups/meta/main.yml Failed to find main.yml for role in theforeman.foreman.
2024-11-11T13:32:16.427019+00:00 ERROR 'ansible_navigator.actions.collections._parse' /usr/share/ansible/collections/ansible_collections/theforeman/foreman/roles/lifecycle_environments/meta/argument_specs.yml Failed to find argument_specs.yml for role in theforeman.foreman.
2024-11-11T13:32:16.427079+00:00 ERROR 'ansible_navigator.actions.collections._parse' /usr/share/ansible/collections/ansible_collections/theforeman/foreman/roles/lifecycle_environments/meta/main.yml Failed to find main.yml for role in theforeman.foreman.
2024-11-11T13:32:16.427140+00:00 ERROR 'ansible_navigator.actions.collections._parse' /usr/share/ansible/collections/ansible_collections/theforeman/foreman/roles/manifest/meta/argument_specs.yml Failed to find argument_specs.yml for role in theforeman.foreman.
2024-11-11T13:32:16.427205+00:00 ERROR 'ansible_navigator.actions.collections._parse' /usr/share/ansible/collections/ansible_collections/theforeman/foreman/roles/manifest/meta/main.yml Failed to find main.yml for role in theforeman.foreman.
2024-11-11T13:32:16.427281+00:00 ERROR 'ansible_navigator.actions.collections._parse' /usr/share/ansible/collections/ansible_collections/theforeman/foreman/roles/operatingsystems/meta/argument_specs.yml Failed to find argument_specs.yml for role in theforeman.foreman.
2024-11-11T13:32:16.427350+00:00 ERROR 'ansible_navigator.actions.collections._parse' /usr/share/ansible/collections/ansible_collections/theforeman/foreman/roles/operatingsystems/meta/main.yml Failed to find main.yml for role in theforeman.foreman.
2024-11-11T13:32:16.427416+00:00 ERROR 'ansible_navigator.actions.collections._parse' /usr/share/ansible/collections/ansible_collections/theforeman/foreman/roles/organizations/meta/argument_specs.yml Failed to find argument_specs.yml for role in theforeman.foreman.
2024-11-11T13:32:16.427479+00:00 ERROR 'ansible_navigator.actions.collections._parse' /usr/share/ansible/collections/ansible_collections/theforeman/foreman/roles/organizations/meta/main.yml Failed to find main.yml for role in theforeman.foreman.
2024-11-11T13:32:16.427542+00:00 ERROR 'ansible_navigator.actions.collections._parse' /usr/share/ansible/collections/ansible_collections/theforeman/foreman/roles/provisioning_templates/meta/argument_specs.yml Failed to find argument_specs.yml for role in theforeman.foreman.
2024-11-11T13:32:16.427604+00:00 ERROR 'ansible_navigator.actions.collections._parse' /usr/share/ansible/collections/ansible_collections/theforeman/foreman/roles/provisioning_templates/meta/main.yml Failed to find main.yml for role in theforeman.foreman.
2024-11-11T13:32:16.427670+00:00 ERROR 'ansible_navigator.actions.collections._parse' /usr/share/ansible/collections/ansible_collections/theforeman/foreman/roles/repositories/meta/argument_specs.yml Failed to find argument_specs.yml for role in theforeman.foreman.
2024-11-11T13:32:16.427731+00:00 ERROR 'ansible_navigator.actions.collections._parse' /usr/share/ansible/collections/ansible_collections/theforeman/foreman/roles/repositories/meta/main.yml Failed to find main.yml for role in theforeman.foreman.
2024-11-11T13:32:16.427792+00:00 ERROR 'ansible_navigator.actions.collections._parse' /usr/share/ansible/collections/ansible_collections/theforeman/foreman/roles/settings/meta/argument_specs.yml Failed to find argument_specs.yml for role in theforeman.foreman.
2024-11-11T13:32:16.427854+00:00 ERROR 'ansible_navigator.actions.collections._parse' /usr/share/ansible/collections/ansible_collections/theforeman/foreman/roles/settings/meta/main.yml Failed to find main.yml for role in theforeman.foreman.
2024-11-11T13:32:16.427936+00:00 ERROR 'ansible_navigator.actions.collections._parse' /usr/share/ansible/collections/ansible_collections/theforeman/foreman/roles/subnets/meta/argument_specs.yml Failed to find argument_specs.yml for role in theforeman.foreman.
2024-11-11T13:32:16.428011+00:00 ERROR 'ansible_navigator.actions.collections._parse' /usr/share/ansible/collections/ansible_collections/theforeman/foreman/roles/subnets/meta/main.yml Failed to find main.yml for role in theforeman.foreman.
2024-11-11T13:32:16.428082+00:00 ERROR 'ansible_navigator.actions.collections._parse' /usr/share/ansible/collections/ansible_collections/theforeman/foreman/roles/sync_plans/meta/argument_specs.yml Failed to find argument_specs.yml for role in theforeman.foreman.
2024-11-11T13:32:16.428147+00:00 ERROR 'ansible_navigator.actions.collections._parse' /usr/share/ansible/collections/ansible_collections/theforeman/foreman/roles/sync_plans/meta/main.yml Failed to find main.yml for role in theforeman.foreman.
2024-11-11T13:32:20.567719+00:00 ERROR 'ansible_navigator.actions.collections._build_collection_content_menu' error loading plugin doc {'path': 'plugins/inventory/controller.py', 'type': 'inventory'}
2024-11-11T13:32:20.568847+00:00 ERROR 'ansible_navigator.actions.collections._build_collection_content_menu' error loading plugin doc {'path': 'plugins/lookup/controller_api.py', 'type': 'lookup'}
2024-11-11T13:32:20.569280+00:00 ERROR 'ansible_navigator.actions.collections._build_collection_content_menu' error loading plugin doc {'path': 'plugins/modules/ad_hoc_command.py', 'type': 'module'}
2024-11-11T13:32:20.569462+00:00 ERROR 'ansible_navigator.actions.collections._build_collection_content_menu' error loading plugin doc {'path': 'plugins/modules/ad_hoc_command_cancel.py', 'type': 'module'}
2024-11-11T13:32:20.569605+00:00 ERROR 'ansible_navigator.actions.collections._build_collection_content_menu' error loading plugin doc {'path': 'plugins/modules/ad_hoc_command_wait.py', 'type': 'module'}
2024-11-11T13:32:20.569749+00:00 ERROR 'ansible_navigator.actions.collections._build_collection_content_menu' error loading plugin doc {'path': 'plugins/modules/application.py', 'type': 'module'}
2024-11-11T13:32:20.569895+00:00 ERROR 'ansible_navigator.actions.collections._build_collection_content_menu' error loading plugin doc {'path': 'plugins/modules/bulk_host_create.py', 'type': 'module'}
2024-11-11T13:32:20.570028+00:00 ERROR 'ansible_navigator.actions.collections._build_collection_content_menu' error loading plugin doc {'path': 'plugins/modules/bulk_job_launch.py', 'type': 'module'}
2024-11-11T13:32:20.570146+00:00 ERROR 'ansible_navigator.actions.collections._build_collection_content_menu' error loading plugin doc {'path': 'plugins/modules/controller_meta.py', 'type': 'module'}
2024-11-11T13:32:20.570268+00:00 ERROR 'ansible_navigator.actions.collections._build_collection_content_menu' error loading plugin doc {'path': 'plugins/modules/credential.py', 'type': 'module'}
2024-11-11T13:32:20.570386+00:00 ERROR 'ansible_navigator.actions.collections._build_collection_content_menu' error loading plugin doc {'path': 'plugins/modules/credential_input_source.py', 'type': 'module'}
2024-11-11T13:32:20.570507+00:00 ERROR 'ansible_navigator.actions.collections._build_collection_content_menu' error loading plugin doc {'path': 'plugins/modules/credential_type.py', 'type': 'module'}
2024-11-11T13:32:20.570639+00:00 ERROR 'ansible_navigator.actions.collections._build_collection_content_menu' error loading plugin doc {'path': 'plugins/modules/execution_environment.py', 'type': 'module'}
2024-11-11T13:32:20.570761+00:00 ERROR 'ansible_navigator.actions.collections._build_collection_content_menu' error loading plugin doc {'path': 'plugins/modules/export.py', 'type': 'module'}
2024-11-11T13:32:20.570906+00:00 ERROR 'ansible_navigator.actions.collections._build_collection_content_menu' error loading plugin doc {'path': 'plugins/modules/group.py', 'type': 'module'}
2024-11-11T13:32:20.571040+00:00 ERROR 'ansible_navigator.actions.collections._build_collection_content_menu' error loading plugin doc {'path': 'plugins/modules/host.py', 'type': 'module'}
2024-11-11T13:32:20.571157+00:00 ERROR 'ansible_navigator.actions.collections._build_collection_content_menu' error loading plugin doc {'path': 'plugins/modules/import.py', 'type': 'module'}
2024-11-11T13:32:20.571277+00:00 ERROR 'ansible_navigator.actions.collections._build_collection_content_menu' error loading plugin doc {'path': 'plugins/modules/instance.py', 'type': 'module'}
2024-11-11T13:32:20.571402+00:00 ERROR 'ansible_navigator.actions.collections._build_collection_content_menu' error loading plugin doc {'path': 'plugins/modules/instance_group.py', 'type': 'module'}
2024-11-11T13:32:20.571518+00:00 ERROR 'ansible_navigator.actions.collections._build_collection_content_menu' error loading plugin doc {'path': 'plugins/modules/inventory.py', 'type': 'module'}
2024-11-11T13:32:20.571638+00:00 ERROR 'ansible_navigator.actions.collections._build_collection_content_menu' error loading plugin doc {'path': 'plugins/modules/inventory_source.py', 'type': 'module'}
2024-11-11T13:32:20.571763+00:00 ERROR 'ansible_navigator.actions.collections._build_collection_content_menu' error loading plugin doc {'path': 'plugins/modules/inventory_source_update.py', 'type': 'module'}
2024-11-11T13:32:20.571894+00:00 ERROR 'ansible_navigator.actions.collections._build_collection_content_menu' error loading plugin doc {'path': 'plugins/modules/job_cancel.py', 'type': 'module'}
2024-11-11T13:32:20.572055+00:00 ERROR 'ansible_navigator.actions.collections._build_collection_content_menu' error loading plugin doc {'path': 'plugins/modules/job_launch.py', 'type': 'module'}
2024-11-11T13:32:20.572195+00:00 ERROR 'ansible_navigator.actions.collections._build_collection_content_menu' error loading plugin doc {'path': 'plugins/modules/job_list.py', 'type': 'module'}
2024-11-11T13:32:20.573419+00:00 ERROR 'ansible_navigator.actions.collections._build_collection_content_menu' error loading plugin doc {'path': 'plugins/modules/job_template.py', 'type': 'module'}
2024-11-11T13:32:20.573693+00:00 ERROR 'ansible_navigator.actions.collections._build_collection_content_menu' error loading plugin doc {'path': 'plugins/modules/job_wait.py', 'type': 'module'}
2024-11-11T13:32:20.573860+00:00 ERROR 'ansible_navigator.actions.collections._build_collection_content_menu' error loading plugin doc {'path': 'plugins/modules/label.py', 'type': 'module'}
2024-11-11T13:32:20.574020+00:00 ERROR 'ansible_navigator.actions.collections._build_collection_content_menu' error loading plugin doc {'path': 'plugins/modules/license.py', 'type': 'module'}
2024-11-11T13:32:20.574144+00:00 ERROR 'ansible_navigator.actions.collections._build_collection_content_menu' error loading plugin doc {'path': 'plugins/modules/notification_template.py', 'type': 'module'}
2024-11-11T13:32:20.574271+00:00 ERROR 'ansible_navigator.actions.collections._build_collection_content_menu' error loading plugin doc {'path': 'plugins/modules/organization.py', 'type': 'module'}
2024-11-11T13:32:20.574394+00:00 ERROR 'ansible_navigator.actions.collections._build_collection_content_menu' error loading plugin doc {'path': 'plugins/modules/project.py', 'type': 'module'}
2024-11-11T13:32:20.574513+00:00 ERROR 'ansible_navigator.actions.collections._build_collection_content_menu' error loading plugin doc {'path': 'plugins/modules/project_update.py', 'type': 'module'}
2024-11-11T13:32:20.574630+00:00 ERROR 'ansible_navigator.actions.collections._build_collection_content_menu' error loading plugin doc {'path': 'plugins/modules/role.py', 'type': 'module'}
2024-11-11T13:32:20.574768+00:00 ERROR 'ansible_navigator.actions.collections._build_collection_content_menu' error loading plugin doc {'path': 'plugins/modules/schedule.py', 'type': 'module'}
2024-11-11T13:32:20.574900+00:00 ERROR 'ansible_navigator.actions.collections._build_collection_content_menu' error loading plugin doc {'path': 'plugins/modules/settings.py', 'type': 'module'}
2024-11-11T13:32:20.575040+00:00 ERROR 'ansible_navigator.actions.collections._build_collection_content_menu' error loading plugin doc {'path': 'plugins/modules/subscriptions.py', 'type': 'module'}
2024-11-11T13:32:20.575157+00:00 ERROR 'ansible_navigator.actions.collections._build_collection_content_menu' error loading plugin doc {'path': 'plugins/modules/team.py', 'type': 'module'}
2024-11-11T13:32:20.575275+00:00 ERROR 'ansible_navigator.actions.collections._build_collection_content_menu' error loading plugin doc {'path': 'plugins/modules/token.py', 'type': 'module'}
2024-11-11T13:32:20.575389+00:00 ERROR 'ansible_navigator.actions.collections._build_collection_content_menu' error loading plugin doc {'path': 'plugins/modules/user.py', 'type': 'module'}
2024-11-11T13:32:20.575502+00:00 ERROR 'ansible_navigator.actions.collections._build_collection_content_menu' error loading plugin doc {'path': 'plugins/modules/workflow_approval.py', 'type': 'module'}
2024-11-11T13:32:20.576600+00:00 ERROR 'ansible_navigator.actions.collections._build_collection_content_menu' error loading plugin doc {'path': 'plugins/modules/workflow_job_template.py', 'type': 'module'}
2024-11-11T13:32:20.576866+00:00 ERROR 'ansible_navigator.actions.collections._build_collection_content_menu' error loading plugin doc {'path': 'plugins/modules/workflow_job_template_node.py', 'type': 'module'}
2024-11-11T13:32:20.577034+00:00 ERROR 'ansible_navigator.actions.collections._build_collection_content_menu' error loading plugin doc {'path': 'plugins/modules/workflow_launch.py', 'type': 'module'}
2024-11-11T13:32:20.577137+00:00 ERROR 'ansible_navigator.actions.collections._build_collection_content_menu' error loading plugin doc {'path': 'plugins/modules/workflow_node_wait.py', 'type': 'module'}
2024-11-11T13:32:35.681401+00:00 WARNING 'ansible_navigator.run' Dirty exit, killing the pid
2024-11-11T13:35:33.580010+00:00 ERROR 'ansible_navigator.actions.collections._parse' /usr/share/ansible/collections/ansible_collections/redhatinsights/insights/roles/compliance/meta/argument_specs.yml Failed to find argument_specs.yml for role in redhatinsights.insights.
2024-11-11T13:35:33.580765+00:00 ERROR 'ansible_navigator.actions.collections._parse' /usr/share/ansible/collections/ansible_collections/redhatinsights/insights/roles/insights_client/meta/argument_specs.yml Failed to find argument_specs.yml for role in redhatinsights.insights.
2024-11-11T13:35:33.580894+00:00 ERROR 'ansible_navigator.actions.collections._parse' /usr/share/ansible/collections/ansible_collections/theforeman/foreman/roles/activation_keys/meta/argument_specs.yml Failed to find argument_specs.yml for role in theforeman.foreman.
2024-11-11T13:35:33.580973+00:00 ERROR 'ansible_navigator.actions.collections._parse' /usr/share/ansible/collections/ansible_collections/theforeman/foreman/roles/activation_keys/meta/main.yml Failed to find main.yml for role in theforeman.foreman.
2024-11-11T13:35:33.581056+00:00 ERROR 'ansible_navigator.actions.collections._parse' /usr/share/ansible/collections/ansible_collections/theforeman/foreman/roles/auth_sources_ldap/meta/argument_specs.yml Failed to find argument_specs.yml for role in theforeman.foreman.
2024-11-11T13:35:33.581125+00:00 ERROR 'ansible_navigator.actions.collections._parse' /usr/share/ansible/collections/ansible_collections/theforeman/foreman/roles/auth_sources_ldap/meta/main.yml Failed to find main.yml for role in theforeman.foreman.
2024-11-11T13:35:33.581190+00:00 ERROR 'ansible_navigator.actions.collections._parse' /usr/share/ansible/collections/ansible_collections/theforeman/foreman/roles/compute_profiles/meta/argument_specs.yml Failed to find argument_specs.yml for role in theforeman.foreman.
2024-11-11T13:35:33.581288+00:00 ERROR 'ansible_navigator.actions.collections._parse' /usr/share/ansible/collections/ansible_collections/theforeman/foreman/roles/compute_profiles/meta/main.yml Failed to find main.yml for role in theforeman.foreman.
2024-11-11T13:35:33.581419+00:00 ERROR 'ansible_navigator.actions.collections._parse' /usr/share/ansible/collections/ansible_collections/theforeman/foreman/roles/compute_resources/meta/argument_specs.yml Failed to find argument_specs.yml for role in theforeman.foreman.
2024-11-11T13:35:33.581489+00:00 ERROR 'ansible_navigator.actions.collections._parse' /usr/share/ansible/collections/ansible_collections/theforeman/foreman/roles/compute_resources/meta/main.yml Failed to find main.yml for role in theforeman.foreman.
2024-11-11T13:35:33.581547+00:00 ERROR 'ansible_navigator.actions.collections._parse' /usr/share/ansible/collections/ansible_collections/theforeman/foreman/roles/content_credentials/meta/argument_specs.yml Failed to find argument_specs.yml for role in theforeman.foreman.
2024-11-11T13:35:33.581600+00:00 ERROR 'ansible_navigator.actions.collections._parse' /usr/share/ansible/collections/ansible_collections/theforeman/foreman/roles/content_credentials/meta/main.yml Failed to find main.yml for role in theforeman.foreman.
2024-11-11T13:35:33.581651+00:00 ERROR 'ansible_navigator.actions.collections._parse' /usr/share/ansible/collections/ansible_collections/theforeman/foreman/roles/content_rhel/meta/argument_specs.yml Failed to find argument_specs.yml for role in theforeman.foreman.
2024-11-11T13:35:33.581697+00:00 ERROR 'ansible_navigator.actions.collections._parse' /usr/share/ansible/collections/ansible_collections/theforeman/foreman/roles/content_rhel/meta/main.yml Failed to find main.yml for role in theforeman.foreman.
2024-11-11T13:35:33.581743+00:00 ERROR 'ansible_navigator.actions.collections._parse' /usr/share/ansible/collections/ansible_collections/theforeman/foreman/roles/content_view_publish/meta/argument_specs.yml Failed to find argument_specs.yml for role in theforeman.foreman.
2024-11-11T13:35:33.581830+00:00 ERROR 'ansible_navigator.actions.collections._parse' /usr/share/ansible/collections/ansible_collections/theforeman/foreman/roles/content_view_publish/meta/main.yml Failed to find main.yml for role in theforeman.foreman.
2024-11-11T13:35:33.581890+00:00 ERROR 'ansible_navigator.actions.collections._parse' /usr/share/ansible/collections/ansible_collections/theforeman/foreman/roles/content_view_version_cleanup/meta/argument_specs.yml Failed to find argument_specs.yml for role in theforeman.foreman.
2024-11-11T13:35:33.581939+00:00 ERROR 'ansible_navigator.actions.collections._parse' /usr/share/ansible/collections/ansible_collections/theforeman/foreman/roles/content_view_version_cleanup/meta/main.yml Failed to find main.yml for role in theforeman.foreman.
2024-11-11T13:35:33.581986+00:00 ERROR 'ansible_navigator.actions.collections._parse' /usr/share/ansible/collections/ansible_collections/theforeman/foreman/roles/content_views/meta/argument_specs.yml Failed to find argument_specs.yml for role in theforeman.foreman.
2024-11-11T13:35:33.582035+00:00 ERROR 'ansible_navigator.actions.collections._parse' /usr/share/ansible/collections/ansible_collections/theforeman/foreman/roles/content_views/meta/main.yml Failed to find main.yml for role in theforeman.foreman.
2024-11-11T13:35:33.582080+00:00 ERROR 'ansible_navigator.actions.collections._parse' /usr/share/ansible/collections/ansible_collections/theforeman/foreman/roles/convert2rhel/meta/argument_specs.yml Failed to find argument_specs.yml for role in theforeman.foreman.
2024-11-11T13:35:33.582124+00:00 ERROR 'ansible_navigator.actions.collections._parse' /usr/share/ansible/collections/ansible_collections/theforeman/foreman/roles/convert2rhel/meta/main.yml Failed to find main.yml for role in theforeman.foreman.
2024-11-11T13:35:33.582166+00:00 ERROR 'ansible_navigator.actions.collections._parse' /usr/share/ansible/collections/ansible_collections/theforeman/foreman/roles/domains/meta/argument_specs.yml Failed to find argument_specs.yml for role in theforeman.foreman.
2024-11-11T13:35:33.582208+00:00 ERROR 'ansible_navigator.actions.collections._parse' /usr/share/ansible/collections/ansible_collections/theforeman/foreman/roles/domains/meta/main.yml Failed to find main.yml for role in theforeman.foreman.
2024-11-11T13:35:33.582250+00:00 ERROR 'ansible_navigator.actions.collections._parse' /usr/share/ansible/collections/ansible_collections/theforeman/foreman/roles/hostgroups/meta/argument_specs.yml Failed to find argument_specs.yml for role in theforeman.foreman.
2024-11-11T13:35:33.582293+00:00 ERROR 'ansible_navigator.actions.collections._parse' /usr/share/ansible/collections/ansible_collections/theforeman/foreman/roles/hostgroups/meta/main.yml Failed to find main.yml for role in theforeman.foreman.
2024-11-11T13:35:33.582336+00:00 ERROR 'ansible_navigator.actions.collections._parse' /usr/share/ansible/collections/ansible_collections/theforeman/foreman/roles/lifecycle_environments/meta/argument_specs.yml Failed to find argument_specs.yml for role in theforeman.foreman.
2024-11-11T13:35:33.582378+00:00 ERROR 'ansible_navigator.actions.collections._parse' /usr/share/ansible/collections/ansible_collections/theforeman/foreman/roles/lifecycle_environments/meta/main.yml Failed to find main.yml for role in theforeman.foreman.
2024-11-11T13:35:33.582419+00:00 ERROR 'ansible_navigator.actions.collections._parse' /usr/share/ansible/collections/ansible_collections/theforeman/foreman/roles/manifest/meta/argument_specs.yml Failed to find argument_specs.yml for role in theforeman.foreman.
2024-11-11T13:35:33.582460+00:00 ERROR 'ansible_navigator.actions.collections._parse' /usr/share/ansible/collections/ansible_collections/theforeman/foreman/roles/manifest/meta/main.yml Failed to find main.yml for role in theforeman.foreman.
2024-11-11T13:35:33.582502+00:00 ERROR 'ansible_navigator.actions.collections._parse' /usr/share/ansible/collections/ansible_collections/theforeman/foreman/roles/operatingsystems/meta/argument_specs.yml Failed to find argument_specs.yml for role in theforeman.foreman.
2024-11-11T13:35:33.582558+00:00 ERROR 'ansible_navigator.actions.collections._parse' /usr/share/ansible/collections/ansible_collections/theforeman/foreman/roles/operatingsystems/meta/main.yml Failed to find main.yml for role in theforeman.foreman.
2024-11-11T13:35:33.582604+00:00 ERROR 'ansible_navigator.actions.collections._parse' /usr/share/ansible/collections/ansible_collections/theforeman/foreman/roles/organizations/meta/argument_specs.yml Failed to find argument_specs.yml for role in theforeman.foreman.
2024-11-11T13:35:33.582650+00:00 ERROR 'ansible_navigator.actions.collections._parse' /usr/share/ansible/collections/ansible_collections/theforeman/foreman/roles/organizations/meta/main.yml Failed to find main.yml for role in theforeman.foreman.
2024-11-11T13:35:33.582697+00:00 ERROR 'ansible_navigator.actions.collections._parse' /usr/share/ansible/collections/ansible_collections/theforeman/foreman/roles/provisioning_templates/meta/argument_specs.yml Failed to find argument_specs.yml for role in theforeman.foreman.
2024-11-11T13:35:33.582744+00:00 ERROR 'ansible_navigator.actions.collections._parse' /usr/share/ansible/collections/ansible_collections/theforeman/foreman/roles/provisioning_templates/meta/main.yml Failed to find main.yml for role in theforeman.foreman.
2024-11-11T13:35:33.582787+00:00 ERROR 'ansible_navigator.actions.collections._parse' /usr/share/ansible/collections/ansible_collections/theforeman/foreman/roles/repositories/meta/argument_specs.yml Failed to find argument_specs.yml for role in theforeman.foreman.
2024-11-11T13:35:33.582830+00:00 ERROR 'ansible_navigator.actions.collections._parse' /usr/share/ansible/collections/ansible_collections/theforeman/foreman/roles/repositories/meta/main.yml Failed to find main.yml for role in theforeman.foreman.
2024-11-11T13:35:33.582873+00:00 ERROR 'ansible_navigator.actions.collections._parse' /usr/share/ansible/collections/ansible_collections/theforeman/foreman/roles/settings/meta/argument_specs.yml Failed to find argument_specs.yml for role in theforeman.foreman.
2024-11-11T13:35:33.582932+00:00 ERROR 'ansible_navigator.actions.collections._parse' /usr/share/ansible/collections/ansible_collections/theforeman/foreman/roles/settings/meta/main.yml Failed to find main.yml for role in theforeman.foreman.
2024-11-11T13:35:33.582974+00:00 ERROR 'ansible_navigator.actions.collections._parse' /usr/share/ansible/collections/ansible_collections/theforeman/foreman/roles/subnets/meta/argument_specs.yml Failed to find argument_specs.yml for role in theforeman.foreman.
2024-11-11T13:35:33.583018+00:00 ERROR 'ansible_navigator.actions.collections._parse' /usr/share/ansible/collections/ansible_collections/theforeman/foreman/roles/subnets/meta/main.yml Failed to find main.yml for role in theforeman.foreman.
2024-11-11T13:35:33.583061+00:00 ERROR 'ansible_navigator.actions.collections._parse' /usr/share/ansible/collections/ansible_collections/theforeman/foreman/roles/sync_plans/meta/argument_specs.yml Failed to find argument_specs.yml for role in theforeman.foreman.
2024-11-11T13:35:33.583103+00:00 ERROR 'ansible_navigator.actions.collections._parse' /usr/share/ansible/collections/ansible_collections/theforeman/foreman/roles/sync_plans/meta/main.yml Failed to find main.yml for role in theforeman.foreman.
